INFO   | jvm 1    | 2013/12/28 14:00:22 | 102902027 2013-12-28 14:00:22,179 [QueueManager [modem1]] DEBUG org.smslib.threading.AServiceThread  - Running...
INFO   | jvm 1    | 2013/12/28 14:00:22 | 102902027 [QueueManager [modem1]] DEBUG smslib  - Running...
INFO   | jvm 1    | 2013/12/28 14:00:27 | 102907027 2013-12-28 14:00:27,179 [QueueManager [modem1]] DEBUG org.smslib.threading.AServiceThread  - Running...
INFO   | jvm 1    | 2013/12/28 14:00:27 | 102907027 [QueueManager [modem1]] DEBUG smslib  - Running...
INFO   | jvm 1    | 2013/12/28 14:00:30 | 102909778 2013-12-28 14:00:29,930 [WatchDog] DEBUG org.smslib.threading.AServiceThread  - Running...
INFO   | jvm 1    | 2013/12/28 14:00:30 | 102909778 [WatchDog] DEBUG smslib  - Running...
INFO   | jvm 1    | 2013/12/28 14:00:32 | 102912028 2013-12-28 14:00:32,180 [QueueManager [modem1]] DEBUG org.smslib.threading.AServiceThread  - Running...
INFO   | jvm 1    | 2013/12/28 14:00:32 | 102912028 [QueueManager [modem1]] DEBUG smslib  - Running...
INFO   | jvm 1    | 2013/12/28 14:00:37 | 102917028 2013-12-28 14:00:37,180 [QueueManager [modem1]] DEBUG org.smslib.threading.AServiceThread  - Running...
INFO   | jvm 1    | 2013/12/28 14:00:37 | 102917028 [QueueManager [modem1]] DEBUG smslib  - Running...
INFO   | jvm 1    | 2013/12/28 14:00:42 | 102922028 2013-12-28 14:00:42,180 [QueueManager [modem1]] DEBUG org.smslib.threading.AServiceThread  - Running...
INFO   | jvm 1    | 2013/12/28 14:00:42 | 102922028 [QueueManager [modem1]] DEBUG smslib  - Running...
INFO   | jvm 1    | 2013/12/28 14:00:45 | 102924779 2013-12-28 14:00:44,931 [WatchDog] DEBUG org.smslib.threading.AServiceThread  - Running...
INFO   | jvm 1    | 2013/12/28 14:00:45 | 102924779 [WatchDog] DEBUG smslib  - Running...
INFO   | jvm 1    | 2013/12/28 14:00:46 | 102926193 2013-12-28 14:00:46,345 [CNMIEmulatorProcessor [modem1]] DEBUG org.smslib.threading.AServiceThread  - ** disabled **
INFO   | jvm 1    | 2013/12/28 14:00:46 | 102926193 [CNMIEmulatorProcessor [modem1]] DEBUG smslib  - ** disabled **
INFO   | jvm 1    | 2013/12/28 14:00:47 | 102927029 2013-12-28 14:00:47,181 [QueueManager [modem1]] DEBUG org.smslib.threading.AServiceThread  - Running...
INFO   | jvm 1    | 2013/12/28 14:00:47 | 102927029 [QueueManager [modem1]] DEBUG smslib  - Running...
INFO   | jvm 1    | 2013/12/28 14:00:52 | 102932029 2013-12-28 14:00:52,181 [QueueManager [modem1]] DEBUG org.smslib.threading.AServiceThread  - Running...
INFO   | jvm 1    | 2013/12/28 14:00:52 | 102932029 [QueueManager [modem1]] DEBUG smslib  - Running...
INFO   | jvm 1    | 2013/12/28 14:00:57 | 102937029 2013-12-28 14:00:57,181 [QueueManager [modem1]] DEBUG org.smslib.threading.AServiceThread  - Running...
INFO   | jvm 1    | 2013/12/28 14:00:57 | 102937029 [QueueManager [modem1]] DEBUG smslib  - Running...
INFO   | jvm 1    | 2013/12/28 14:00:59 | 102939780 2013-12-28 14:00:59,932 [WatchDog] DEBUG org.smslib.threading.AServiceThread  - Running...
INFO   | jvm 1    | 2013/12/28 14:00:59 | 102939780 [WatchDog] DEBUG smslib  - Running...
INFO   | jvm 1    | 2013/12/28 14:01:01 | 102941335 2013-12-28 14:01:01,487 [KeepAlive [modem1]] DEBUG org.smslib.threading.AServiceThread  - Running...
INFO   | jvm 1    | 2013/12/28 14:01:01 | 102941335 [KeepAlive [modem1]] DEBUG smslib  - Running...
INFO   | jvm 1    | 2013/12/28 14:01:02 | 102942030 2013-12-28 14:01:02,182 [QueueManager [modem1]] DEBUG org.smslib.threading.AServiceThread  - Running...
INFO   | jvm 1    | 2013/12/28 14:01:02 | 102942030 [QueueManager [modem1]] DEBUG smslib  - Running...
INFO   | jvm 1    | 2013/12/28 14:01:07 | 102947030 2013-12-28 14:01:07,182 [QueueManager [modem1]] DEBUG org.smslib.threading.AServiceThread  - Running...
INFO   | jvm 1    | 2013/12/28 14:01:07 | 102947030 [QueueManager [modem1]] DEBUG smslib  - Running...
INFO   | jvm 1    | 2013/12/28 14:01:12 | 102952030 2013-12-28 14:01:12,182 [QueueManager [modem1]] DEBUG org.smslib.threading.AServiceThread  - Running...
INFO   | jvm 1    | 2013/12/28 14:01:12 | 102952030 [QueueManager [modem1]] DEBUG smslib  - Running...
INFO   | jvm 1    | 2013/12/28 14:01:14 | 102954781 2013-12-28 14:01:14,933 [WatchDog] DEBUG org.smslib.threading.AServiceThread  - Running...
INFO   | jvm 1    | 2013/12/28 14:01:14 | 102954781 [WatchDog] DEBUG smslib  - Running...
INFO   | jvm 1    | 2013/12/28 14:01:16 | 102956194 2013-12-28 14:01:16,346 [CNMIEmulatorProcessor [modem1]] DEBUG org.smslib.threading.AServiceThread  - ** disabled **
INFO   | jvm 1    | 2013/12/28 14:01:16 | 102956194 [CNMIEmulatorProcessor [modem1]] DEBUG smslib  - ** disabled **
INFO   | jvm 1    | 2013/12/28 14:01:17 | 102957031 2013-12-28 14:01:17,183 [QueueManager [modem1]] DEBUG org.smslib.threading.AServiceThread  - Running...
INFO   | jvm 1    | 2013/12/28 14:01:17 | 102957031 [QueueManager [modem1]] DEBUG smslib  - Running...
INFO   | jvm 1    | 2013/12/28 14:01:22 | 102962031 2013-12-28 14:01:22,183 [QueueManager [modem1]] DEBUG org.smslib.threading.AServiceThread  - Running...
INFO   | jvm 1    | 2013/12/28 14:01:22 | 102962031 [QueueManager [modem1]] DEBUG smslib  - Running...
INFO   | jvm 1    | 2013/12/28 14:01:27 | 102967031 2013-12-28 14:01:27,183 [QueueManager [modem1]] DEBUG org.smslib.threading.AServiceThread  - Running...
INFO   | jvm 1    | 2013/12/28 14:01:27 | 102967031 [QueueManager [modem1]] DEBUG smslib  - Running...
INFO   | jvm 1    | 2013/12/28 14:01:29 | 102969782 2013-12-28 14:01:29,934 [WatchDog] DEBUG org.smslib.threading.AServiceThread  - Running...
INFO   | jvm 1    | 2013/12/28 14:01:29 | 102969782 [WatchDog] DEBUG smslib  - Running...
INFO   | jvm 1    | 2013/12/28 14:01:32 | 102972031 2013-12-28 14:01:32,183 [QueueManager [modem1]] DEBUG org.smslib.threading.AServiceThread  - Running...
INFO   | jvm 1    | 2013/12/28 14:01:32 | 102972031 [QueueManager [modem1]] DEBUG smslib  - Running...
INFO   | jvm 1    | 2013/12/28 14:01:37 | 102977032 2013-12-28 14:01:37,184 [QueueManager [modem1]] DEBUG org.smslib.threading.AServiceThread  - Running...
INFO   | jvm 1    | 2013/12/28 14:01:37 | 102977032 [QueueManager [modem1]] DEBUG smslib  - Running...
INFO   | jvm 1    | 2013/12/28 14:01:42 | 102982032 2013-12-28 14:01:42,184 [QueueManager [modem1]] DEBUG org.smslib.threading.AServiceThread  - Running...
INFO   | jvm 1    | 2013/12/28 14:01:42 | 102982032 [QueueManager [modem1]] DEBUG smslib  - Running...
INFO   | jvm 1    | 2013/12/28 14:01:44 | 102984783 2013-12-28 14:01:44,935 [WatchDog] DEBUG org.smslib.threading.AServiceThread  - Running...
INFO   | jvm 1    | 2013/12/28 14:01:44 | 102984783 [WatchDog] DEBUG smslib  - Running...
INFO   | jvm 1    | 2013/12/28 14:01:46 | 102986195 2013-12-28 14:01:46,347 [CNMIEmulatorProcessor [modem1]] DEBUG org.smslib.threading.AServiceThread  - ** disabled **
INFO   | jvm 1    | 2013/12/28 14:01:46 | 102986195 [CNMIEmulatorProcessor [modem1]] DEBUG smslib  - ** disabled **
INFO   | jvm 1    | 2013/12/28 14:01:47 | 102987032 2013-12-28 14:01:47,184 [QueueManager [modem1]] DEBUG org.smslib.threading.AServiceThread  - Running...
INFO   | jvm 1    | 2013/12/28 14:01:47 | 102987032 [QueueManager [modem1]] DEBUG smslib  - Running...
INFO   | jvm 1    | 2013/12/28 14:01:52 | 102992033 2013-12-28 14:01:52,185 [QueueManager [modem1]] DEBUG org.smslib.threading.AServiceThread  - Running...
INFO   | jvm 1    | 2013/12/28 14:01:52 | 102992033 [QueueManager [modem1]] DEBUG smslib  - Running...
INFO   | jvm 1    | 2013/12/28 14:01:57 | 102997033 2013-12-28 14:01:57,185 [QueueManager [modem1]] DEBUG org.smslib.threading.AServiceThread  - Running...
INFO   | jvm 1    | 2013/12/28 14:01:57 | 102997033 [QueueManager [modem1]] DEBUG smslib  - Running...
INFO   | jvm 1    | 2013/12/28 14:01:59 | 102999784 2013-12-28 14:01:59,936 [WatchDog] DEBUG org.smslib.threading.AServiceThread  - Running...
INFO   | jvm 1    | 2013/12/28 14:01:59 | 102999784 [WatchDog] DEBUG smslib  - Running...
INFO   | jvm 1    | 2013/12/28 14:02:01 | 103001336 2013-12-28 14:02:01,488 [KeepAlive [modem1]] DEBUG org.smslib.threading.AServiceThread  - Running...
INFO   | jvm 1    | 2013/12/28 14:02:01 | 103001336 [KeepAlive [modem1]] DEBUG smslib  - Running...
INFO   | jvm 1    | 2013/12/28 14:02:02 | 103002033 2013-12-28 14:02:02,185 [QueueManager [modem1]] DEBUG org.smslib.threading.AServiceThread  - Running...
INFO   | jvm 1    | 2013/12/28 14:02:02 | 103002033 [QueueManager [modem1]] DEBUG smslib  - Running...
INFO   | jvm 1    | 2013/12/28 14:02:07 | 103007034 2013-12-28 14:02:07,186 [QueueManager [modem1]] DEBUG org.smslib.threading.AServiceThread  - Running...
INFO   | jvm 1    | 2013/12/28 14:02:07 | 103007034 [QueueManager [modem1]] DEBUG smslib  - Running...
INFO   | jvm 1    | 2013/12/28 14:02:12 | 103012034 2013-12-28 14:02:12,186 [QueueManager [modem1]] DEBUG org.smslib.threading.AServiceThread  - Running...
INFO   | jvm 1    | 2013/12/28 14:02:12 | 103012034 [QueueManager [modem1]] DEBUG smslib  - Running...
INFO   | jvm 1    | 2013/12/28 14:02:14 | 103014785 2013-12-28 14:02:14,937 [WatchDog] DEBUG org.smslib.threading.AServiceThread  - Running...
INFO   | jvm 1    | 2013/12/28 14:02:14 | 103014785 [WatchDog] DEBUG smslib  - Running...
INFO   | jvm 1    | 2013/12/28 14:02:16 | 103016196 2013-12-28 14:02:16,348 [CNMIEmulatorProcessor [modem1]] DEBUG org.smslib.threading.AServiceThread  - ** disabled **
INFO   | jvm 1    | 2013/12/28 14:02:16 | 103016196 [CNMIEmulatorProcessor [modem1]] DEBUG smslib  - ** disabled **
INFO   | jvm 1    | 2013/12/28 14:02:17 | 103017034 2013-12-28 14:02:17,186 [QueueManager [modem1]] DEBUG org.smslib.threading.AServiceThread  - Running...
INFO   | jvm 1    | 2013/12/28 14:02:17 | 103017034 [QueueManager [modem1]] DEBUG smslib  - Running...
INFO   | jvm 1    | 2013/12/28 14:02:22 | 103022035 2013-12-28 14:02:22,187 [QueueManager [modem1]] DEBUG org.smslib.threading.AServiceThread  - Running...
INFO   | jvm 1    | 2013/12/28 14:02:22 | 103022035 [QueueManager [modem1]] DEBUG smslib  - Running...
INFO   | jvm 1    | 2013/12/28 14:02:27 | 103027035 2013-12-28 14:02:27,187 [QueueManager [modem1]] DEBUG org.smslib.threading.AServiceThread  - Running...
INFO   | jvm 1    | 2013/12/28 14:02:27 | 103027035 [QueueManager [modem1]] DEBUG smslib  - Running...
INFO   | jvm 1    | 2013/12/28 14:02:29 | 103029786 2013-12-28 14:02:29,938 [WatchDog] DEBUG org.smslib.threading.AServiceThread  - Running...
INFO   | jvm 1    | 2013/12/28 14:02:29 | 103029786 [WatchDog] DEBUG smslib  - Running...
INFO   | jvm 1    | 2013/12/28 14:02:32 | 103032035 2013-12-28 14:02:32,187 [QueueManager [modem1]] DEBUG org.smslib.threading.AServiceThread  - Running...
INFO   | jvm 1    | 2013/12/28 14:02:32 | 103032035 [QueueManager [modem1]] DEBUG smslib  - Running...
INFO   | jvm 1    | 2013/12/28 14:02:37 | 103037036 2013-12-28 14:02:37,188 [QueueManager [modem1]] DEBUG org.smslib.threading.AServiceThread  - Running...
INFO   | jvm 1    | 2013/12/28 14:02:37 | 103037036 [QueueManager [modem1]] DEBUG smslib  - Running...
INFO   | jvm 1    | 2013/12/28 14:02:42 | 103042036 2013-12-28 14:02:42,188 [QueueManager [modem1]] DEBUG org.smslib.threading.AServiceThread  - Running...
INFO   | jvm 1    | 2013/12/28 14:02:42 | 103042036 [QueueManager [modem1]] DEBUG smslib  - Running...
INFO   | jvm 1    | 2013/12/28 14:02:45 | 103044787 2013-12-28 14:02:44,939 [WatchDog] DEBUG org.smslib.threading.AServiceThread  - Running...
INFO   | jvm 1    | 2013/12/28 14:02:45 | 103044787 [WatchDog] DEBUG smslib  - Running...
INFO   | jvm 1    | 2013/12/28 14:02:46 | 103046197 2013-12-28 14:02:46,349 [CNMIEmulatorProcessor [modem1]] DEBUG org.smslib.threading.AServiceThread  - ** disabled **
INFO   | jvm 1    | 2013/12/28 14:02:46 | 103046197 [CNMIEmulatorProcessor [modem1]] DEBUG smslib  - ** disabled **
INFO   | jvm 1    | 2013/12/28 14:02:47 | 103047036 2013-12-28 14:02:47,188 [QueueManager [modem1]] DEBUG org.smslib.threading.AServiceThread  - Running...
INFO   | jvm 1    | 2013/12/28 14:02:47 | 103047036 [QueueManager [modem1]] DEBUG smslib  - Running...
INFO   | jvm 1    | 2013/12/28 14:02:52 | 103052036 2013-12-28 14:02:52,188 [QueueManager [modem1]] DEBUG org.smslib.threading.AServiceThread  - Running...
INFO   | jvm 1    | 2013/12/28 14:02:52 | 103052036 [QueueManager [modem1]] DEBUG smslib  - Running...
INFO   | jvm 1    | 2013/12/28 14:02:57 | 103057037 2013-12-28 14:02:57,189 [QueueManager [modem1]] DEBUG org.smslib.threading.AServiceThread  - Running...
INFO   | jvm 1    | 2013/12/28 14:02:57 | 103057037 [QueueManager [modem1]] DEBUG smslib  - Running...
INFO   | jvm 1    | 2013/12/28 14:02:59 | 103059788 2013-12-28 14:02:59,940 [WatchDog] DEBUG org.smslib.threading.AServiceThread  - Running...
INFO   | jvm 1    | 2013/12/28 14:02:59 | 103059788 [WatchDog] DEBUG smslib  - Running...
INFO   | jvm 1    | 2013/12/28 14:03:01 | 103061337 2013-12-28 14:03:01,489 [KeepAlive [modem1]] DEBUG org.smslib.threading.AServiceThread  - Running...
INFO   | jvm 1    | 2013/12/28 14:03:01 | 103061337 [KeepAlive [modem1]] DEBUG smslib  - Running...
INFO   | jvm 1    | 2013/12/28 14:03:02 | 103062037 2013-12-28 14:03:02,189 [QueueManager [modem1]] DEBUG org.smslib.threading.AServiceThread  - Running...
INFO   | jvm 1    | 2013/12/28 14:03:02 | 103062037 [QueueManager [modem1]] DEBUG smslib  - Running...
INFO   | jvm 1    | 2013/12/28 14:03:07 | 103067037 2013-12-28 14:03:07,189 [QueueManager [modem1]] DEBUG org.smslib.threading.AServiceThread  - Running...
INFO   | jvm 1    | 2013/12/28 14:03:07 | 103067037 [QueueManager [modem1]] DEBUG smslib  - Running...
INFO   | jvm 1    | 2013/12/28 14:03:12 | 103072038 2013-12-28 14:03:12,190 [QueueManager [modem1]] DEBUG org.smslib.threading.AServiceThread  - Running...
INFO   | jvm 1    | 2013/12/28 14:03:12 | 103072038 [QueueManager [modem1]] DEBUG smslib  - Running...
INFO   | jvm 1    | 2013/12/28 14:03:14 | 103074789 2013-12-28 14:03:14,941 [WatchDog] DEBUG org.smslib.threading.AServiceThread  - Running...
INFO   | jvm 1    | 2013/12/28 14:03:14 | 103074789 [WatchDog] DEBUG smslib  - Running...
INFO   | jvm 1    | 2013/12/28 14:03:16 | 103076198 2013-12-28 14:03:16,350 [CNMIEmulatorProcessor [modem1]] DEBUG org.smslib.threading.AServiceThread  - ** disabled **
INFO   | jvm 1    | 2013/12/28 14:03:16 | 103076198 [CNMIEmulatorProcessor [modem1]] DEBUG smslib  - ** disabled **
INFO   | jvm 1    | 2013/12/28 14:03:17 | 103077038 2013-12-28 14:03:17,190 [QueueManager [modem1]] DEBUG org.smslib.threading.AServiceThread  - Running...
INFO   | jvm 1    | 2013/12/28 14:03:17 | 103077038 [QueueManager [modem1]] DEBUG smslib  - Running...
INFO   | jvm 1    | 2013/12/28 14:03:22 | 103082038 2013-12-28 14:03:22,190 [QueueManager [modem1]] DEBUG org.smslib.threading.AServiceThread  - Running...
INFO   | jvm 1    | 2013/12/28 14:03:22 | 103082038 [QueueManager [modem1]] DEBUG smslib  - Running...
INFO   | jvm 1    | 2013/12/28 14:03:27 | 103087039 2013-12-28 14:03:27,191 [QueueManager [modem1]] DEBUG org.smslib.threading.AServiceThread  - Running...
INFO   | jvm 1    | 2013/12/28 14:03:27 | 103087039 [QueueManager [modem1]] DEBUG smslib  - Running...
INFO   | jvm 1    | 2013/12/28 14:03:29 | 103089790 2013-12-28 14:03:29,942 [WatchDog] DEBUG org.smslib.threading.AServiceThread  - Running...
INFO   | jvm 1    | 2013/12/28 14:03:29 | 103089790 [WatchDog] DEBUG smslib  - Running...
INFO   | jvm 1    | 2013/12/28 14:03:32 | 103092039 2013-12-28 14:03:32,191 [QueueManager [modem1]] DEBUG org.smslib.threading.AServiceThread  - Running...
INFO   | jvm 1    | 2013/12/28 14:03:32 | 103092039 [QueueManager [modem1]] DEBUG smslib  - Running...
INFO   | jvm 1    | 2013/12/28 14:03:37 | 103097039 2013-12-28 14:03:37,191 [QueueManager [modem1]] DEBUG org.smslib.threading.AServiceThread  - Running...
INFO   | jvm 1    | 2013/12/28 14:03:37 | 103097039 [QueueManager [modem1]] DEBUG smslib  - Running...
INFO   | jvm 1    | 2013/12/28 14:03:42 | 103102040 2013-12-28 14:03:42,192 [QueueManager [modem1]] DEBUG org.smslib.threading.AServiceThread  - Running...
INFO   | jvm 1    | 2013/12/28 14:03:42 | 103102040 [QueueManager [modem1]] DEBUG smslib  - Running...
INFO   | jvm 1    | 2013/12/28 14:03:44 | 103104790 2013-12-28 14:03:44,942 [WatchDog] DEBUG org.smslib.threading.AServiceThread  - Running...
INFO   | jvm 1    | 2013/12/28 14:03:44 | 103104790 [WatchDog] DEBUG smslib  - Running...
INFO   | jvm 1    | 2013/12/28 14:03:46 | 103106198 2013-12-28 14:03:46,350 [CNMIEmulatorProcessor [modem1]] DEBUG org.smslib.threading.AServiceThread  - ** disabled **
INFO   | jvm 1    | 2013/12/28 14:03:46 | 103106198 [CNMIEmulatorProcessor [modem1]] DEBUG smslib  - ** disabled **
INFO   | jvm 1    | 2013/12/28 14:03:47 | 103107040 2013-12-28 14:03:47,192 [QueueManager [modem1]] DEBUG org.smslib.threading.AServiceThread  - Running...
INFO   | jvm 1    | 2013/12/28 14:03:47 | 103107040 [QueueManager [modem1]] DEBUG smslib  - Running...
INFO   | jvm 1    | 2013/12/28 14:03:52 | 103112040 2013-12-28 14:03:52,192 [QueueManager [modem1]] DEBUG org.smslib.threading.AServiceThread  - Running...
INFO   | jvm 1    | 2013/12/28 14:03:52 | 103112040 [QueueManager [modem1]] DEBUG smslib  - Running...
INFO   | jvm 1    | 2013/12/28 14:03:57 | 103117041 2013-12-28 14:03:57,193 [QueueManager [modem1]] DEBUG org.smslib.threading.AServiceThread  - Running...
INFO   | jvm 1    | 2013/12/28 14:03:57 | 103117041 [QueueManager [modem1]] DEBUG smslib  - Running...
INFO   | jvm 1    | 2013/12/28 14:03:59 | 103119791 2013-12-28 14:03:59,943 [WatchDog] DEBUG org.smslib.threading.AServiceThread  - Running...
INFO   | jvm 1    | 2013/12/28 14:03:59 | 103119791 [WatchDog] DEBUG smslib  - Running...
INFO   | jvm 1    | 2013/12/28 14:04:01 | 103121337 2013-12-28 14:04:01,489 [KeepAlive [modem1]] DEBUG org.smslib.threading.AServiceThread  - Running...
INFO   | jvm 1    | 2013/12/28 14:04:01 | 103121337 [KeepAlive [modem1]] DEBUG smslib  - Running...
INFO   | jvm 1    | 2013/12/28 14:04:02 | 103122041 2013-12-28 14:04:02,193 [QueueManager [modem1]] DEBUG org.smslib.threading.AServiceThread  - Running...
INFO   | jvm 1    | 2013/12/28 14:04:02 | 103122041 [QueueManager [modem1]] DEBUG smslib  - Running...
INFO   | jvm 1    | 2013/12/28 14:04:07 | 103127041 2013-12-28 14:04:07,193 [QueueManager [modem1]] DEBUG org.smslib.threading.AServiceThread  - Running...
INFO   | jvm 1    | 2013/12/28 14:04:07 | 103127041 [QueueManager [modem1]] DEBUG smslib  - Running...
INFO   | jvm 1    | 2013/12/28 14:04:12 | 103132042 2013-12-28 14:04:12,194 [QueueManager [modem1]] DEBUG org.smslib.threading.AServiceThread  - Running...
INFO   | jvm 1    | 2013/12/28 14:04:12 | 103132042 [QueueManager [modem1]] DEBUG smslib  - Running...
INFO   | jvm 1    | 2013/12/28 14:04:15 | 103134791 2013-12-28 14:04:14,943 [WatchDog] DEBUG org.smslib.threading.AServiceThread  - Running...
INFO   | jvm 1    | 2013/12/28 14:04:15 | 103134791 [WatchDog] DEBUG smslib  - Running...
INFO   | jvm 1    | 2013/12/28 14:04:16 | 103136199 2013-12-28 14:04:16,351 [CNMIEmulatorProcessor [modem1]] DEBUG org.smslib.threading.AServiceThread  - ** disabled **
INFO   | jvm 1    | 2013/12/28 14:04:16 | 103136199 [CNMIEmulatorProcessor [modem1]] DEBUG smslib  - ** disabled **
INFO   | jvm 1    | 2013/12/28 14:04:17 | 103137042 2013-12-28 14:04:17,194 [QueueManager [modem1]] DEBUG org.smslib.threading.AServiceThread  - Running...
INFO   | jvm 1    | 2013/12/28 14:04:17 | 103137042 [QueueManager [modem1]] DEBUG smslib  - Running...
INFO   | jvm 1    | 2013/12/28 14:04:22 | 103142042 2013-12-28 14:04:22,194 [QueueManager [modem1]] DEBUG org.smslib.threading.AServiceThread  - Running...
INFO   | jvm 1    | 2013/12/28 14:04:22 | 103142042 [QueueManager [modem1]] DEBUG smslib  - Running...
INFO   | jvm 1    | 2013/12/28 14:04:27 | 103147043 2013-12-28 14:04:27,195 [QueueManager [modem1]] DEBUG org.smslib.threading.AServiceThread  - Running...
INFO   | jvm 1    | 2013/12/28 14:04:27 | 103147043 [QueueManager [modem1]] DEBUG smslib  - Running...
INFO   | jvm 1    | 2013/12/28 14:04:30 | 103149792 2013-12-28 14:04:29,944 [WatchDog] DEBUG org.smslib.threading.AServiceThread  - Running...
INFO   | jvm 1    | 2013/12/28 14:04:30 | 103149792 [WatchDog] DEBUG smslib  - Running...
INFO   | jvm 1    | 2013/12/28 14:04:32 | 103152043 2013-12-28 14:04:32,195 [QueueManager [modem1]] DEBUG org.smslib.threading.AServiceThread  - Running...
INFO   | jvm 1    | 2013/12/28 14:04:32 | 103152043 [QueueManager [modem1]] DEBUG smslib  - Running...
INFO   | jvm 1    | 2013/12/28 14:04:37 | 103157043 2013-12-28 14:04:37,195 [QueueManager [modem1]] DEBUG org.smslib.threading.AServiceThread  - Running...
INFO   | jvm 1    | 2013/12/28 14:04:37 | 103157043 [QueueManager [modem1]] DEBUG smslib  - Running...
INFO   | jvm 1    | 2013/12/28 14:04:42 | 103162043 2013-12-28 14:04:42,195 [QueueManager [modem1]] DEBUG org.smslib.threading.AServiceThread  - Running...
INFO   | jvm 1    | 2013/12/28 14:04:42 | 103162043 [QueueManager [modem1]] DEBUG smslib  - Running...
INFO   | jvm 1    | 2013/12/28 14:04:44 | 103164793 2013-12-28 14:04:44,945 [WatchDog] DEBUG org.smslib.threading.AServiceThread  - Running...
INFO   | jvm 1    | 2013/12/28 14:04:44 | 103164793 [WatchDog] DEBUG smslib  - Running...
INFO   | jvm 1    | 2013/12/28 14:04:46 | 103166200 2013-12-28 14:04:46,352 [CNMIEmulatorProcessor [modem1]] DEBUG org.smslib.threading.AServiceThread  - ** disabled **
INFO   | jvm 1    | 2013/12/28 14:04:46 | 103166200 [CNMIEmulatorProcessor [modem1]] DEBUG smslib  - ** disabled **
INFO   | jvm 1    | 2013/12/28 14:04:47 | 103167044 2013-12-28 14:04:47,196 [QueueManager [modem1]] DEBUG org.smslib.threading.AServiceThread  - Running...
INFO   | jvm 1    | 2013/12/28 14:04:47 | 103167044 [QueueManager [modem1]] DEBUG smslib  - Running...
INFO   | jvm 1    | 2013/12/28 14:04:52 | 103172044 2013-12-28 14:04:52,196 [QueueManager [modem1]] DEBUG org.smslib.threading.AServiceThread  - Running...
INFO   | jvm 1    | 2013/12/28 14:04:52 | 103172044 [QueueManager [modem1]] DEBUG smslib  - Running...
INFO   | jvm 1    | 2013/12/28 14:04:57 | 103177044 2013-12-28 14:04:57,196 [QueueManager [modem1]] DEBUG org.smslib.threading.AServiceThread  - Running...
INFO   | jvm 1    | 2013/12/28 14:04:57 | 103177044 [QueueManager [modem1]] DEBUG smslib  - Running...
INFO   | jvm 1    | 2013/12/28 14:05:00 | 103179794 2013-12-28 14:04:59,946 [WatchDog] DEBUG org.smslib.threading.AServiceThread  - Running...
INFO   | jvm 1    | 2013/12/28 14:05:00 | 103179794 [WatchDog] DEBUG smslib  - Running...
INFO   | jvm 1    | 2013/12/28 14:05:01 | 103181338 2013-12-28 14:05:01,490 [KeepAlive [modem1]] DEBUG org.smslib.threading.AServiceThread  - Running...
INFO   | jvm 1    | 2013/12/28 14:05:01 | 103181338 [KeepAlive [modem1]] DEBUG smslib  - Running...
INFO   | jvm 1    | 2013/12/28 14:05:02 | 103182045 2013-12-28 14:05:02,197 [QueueManager [modem1]] DEBUG org.smslib.threading.AServiceThread  - Running...
INFO   | jvm 1    | 2013/12/28 14:05:02 | 103182045 [QueueManager [modem1]] DEBUG smslib  - Running...
INFO   | jvm 1    | 2013/12/28 14:05:07 | 103187045 2013-12-28 14:05:07,197 [QueueManager [modem1]] DEBUG org.smslib.threading.AServiceThread  - Running...
INFO   | jvm 1    | 2013/12/28 14:05:07 | 103187045 [QueueManager [modem1]] DEBUG smslib  - Running...
INFO   | jvm 1    | 2013/12/28 14:05:12 | 103192045 2013-12-28 14:05:12,197 [QueueManager [modem1]] DEBUG org.smslib.threading.AServiceThread  - Running...
INFO   | jvm 1    | 2013/12/28 14:05:12 | 103192045 [QueueManager [modem1]] DEBUG smslib  - Running...
INFO   | jvm 1    | 2013/12/28 14:05:14 | 103194795 2013-12-28 14:05:14,947 [WatchDog] DEBUG org.smslib.threading.AServiceThread  - Running...
INFO   | jvm 1    | 2013/12/28 14:05:14 | 103194795 [WatchDog] DEBUG smslib  - Running...
INFO   | jvm 1    | 2013/12/28 14:05:16 | 103196201 2013-12-28 14:05:16,353 [CNMIEmulatorProcessor [modem1]] DEBUG org.smslib.threading.AServiceThread  - ** disabled **
INFO   | jvm 1    | 2013/12/28 14:05:16 | 103196201 [CNMIEmulatorProcessor [modem1]] DEBUG smslib  - ** disabled **
INFO   | jvm 1    | 2013/12/28 14:05:17 | 103197046 2013-12-28 14:05:17,198 [QueueManager [modem1]] DEBUG org.smslib.threading.AServiceThread  - Running...
INFO   | jvm 1    | 2013/12/28 14:05:17 | 103197046 [QueueManager [modem1]] DEBUG smslib  - Running...
INFO   | jvm 1    | 2013/12/28 14:05:22 | 103202046 2013-12-28 14:05:22,198 [QueueManager [modem1]] DEBUG org.smslib.threading.AServiceThread  - Running...
INFO   | jvm 1    | 2013/12/28 14:05:22 | 103202046 [QueueManager [modem1]] DEBUG smslib  - Running...
INFO   | jvm 1    | 2013/12/28 14:05:27 | 103207046 2013-12-28 14:05:27,198 [QueueManager [modem1]] DEBUG org.smslib.threading.AServiceThread  - Running...
INFO   | jvm 1    | 2013/12/28 14:05:27 | 103207046 [QueueManager [modem1]] DEBUG smslib  - Running...
INFO   | jvm 1    | 2013/12/28 14:05:29 | 103209796 2013-12-28 14:05:29,948 [WatchDog] DEBUG org.smslib.threading.AServiceThread  - Running...
INFO   | jvm 1    | 2013/12/28 14:05:29 | 103209796 [WatchDog] DEBUG smslib  - Running...
INFO   | jvm 1    | 2013/12/28 14:05:32 | 103212047 2013-12-28 14:05:32,199 [QueueManager [modem1]] DEBUG org.smslib.threading.AServiceThread  - Running...
INFO   | jvm 1    | 2013/12/28 14:05:32 | 103212047 [QueueManager [modem1]] DEBUG smslib  - Running...
INFO   | jvm 1    | 2013/12/28 14:05:37 | 103217047 2013-12-28 14:05:37,199 [QueueManager [modem1]] DEBUG org.smslib.threading.AServiceThread  - Running...
INFO   | jvm 1    | 2013/12/28 14:05:37 | 103217047 [QueueManager [modem1]] DEBUG smslib  - Running...
INFO   | jvm 1    | 2013/12/28 14:05:42 | 103222047 2013-12-28 14:05:42,199 [QueueManager [modem1]] DEBUG org.smslib.threading.AServiceThread  - Running...
INFO   | jvm 1    | 2013/12/28 14:05:42 | 103222047 [QueueManager [modem1]] DEBUG smslib  - Running...
INFO   | jvm 1    | 2013/12/28 14:05:45 | 103224796 2013-12-28 14:05:44,948 [WatchDog] DEBUG org.smslib.threading.AServiceThread  - Running...
INFO   | jvm 1    | 2013/12/28 14:05:45 | 103224796 [WatchDog] DEBUG smslib  - Running...
INFO   | jvm 1    | 2013/12/28 14:05:46 | 103226202 2013-12-28 14:05:46,354 [CNMIEmulatorProcessor [modem1]] DEBUG org.smslib.threading.AServiceThread  - ** disabled **
INFO   | jvm 1    | 2013/12/28 14:05:46 | 103226202 [CNMIEmulatorProcessor [modem1]] DEBUG smslib  - ** disabled **
INFO   | jvm 1    | 2013/12/28 14:05:47 | 103227048 2013-12-28 14:05:47,200 [QueueManager [modem1]] DEBUG org.smslib.threading.AServiceThread  - Running...
INFO   | jvm 1    | 2013/12/28 14:05:47 | 103227048 [QueueManager [modem1]] DEBUG smslib  - Running...
INFO   | jvm 1    | 2013/12/28 14:05:50 | 103229821 2013-12-28 14:05:49,973 [Thread-1] INFO  org.smslib.smsserver.SMSServer$Shutdown  - SMSServer shutting down, please wait...
INFO   | jvm 1    | 2013/12/28 14:05:50 | 103229821 [Thread-1] INFO  smslib  - SMSServer shutting down, please wait...
INFO   | jvm 1    | 2013/12/28 14:05:50 | 103230115 2013-12-28 14:05:50,267 [Thread-1] INFO  org.smslib.smsserver.interfaces.Interface  - SMSServer: interface: org.smslib.smsserver.interfaces.Database stopped.
INFO   | jvm 1    | 2013/12/28 14:05:50 | 103230115 [Thread-1] INFO  smslib  - SMSServer: interface: org.smslib.smsserver.interfaces.Database stopped.
INFO   | jvm 1    | 2013/12/28 14:05:50 | 103230124 2013-12-28 14:05:50,276 [Thread-1] INFO  org.smslib.smsserver.interfaces.Interface  - SMSServer: interface: org.smslib.smsserver.interfaces.ParallelDatabase stopped.
INFO   | jvm 1    | 2013/12/28 14:05:50 | 103230124 [Thread-1] INFO  smslib  - SMSServer: interface: org.smslib.smsserver.interfaces.ParallelDatabase stopped.
INFO   | jvm 1    | 2013/12/28 14:05:50 | 103230138 2013-12-28 14:05:50,290 [Thread-1] INFO  org.smslib.smsserver.interfaces.Interface  - SMSServer: interface: org.smslib.smsserver.interfaces.SimpleInboundFileLogger stopped.
INFO   | jvm 1    | 2013/12/28 14:05:50 | 103230138 [Thread-1] INFO  smslib  - SMSServer: interface: org.smslib.smsserver.interfaces.SimpleInboundFileLogger stopped.
INFO   | jvm 1    | 2013/12/28 14:05:50 | 103230138 2013-12-28 14:05:50,290 [Thread-1] INFO  org.smslib.smsserver.interfaces.Interface  - SMSServer: interface: org.smslib.smsserver.interfaces.Http stopped.
INFO   | jvm 1    | 2013/12/28 14:05:50 | 103230138 [Thread-1] INFO  smslib  - SMSServer: interface: org.smslib.smsserver.interfaces.Http stopped.
INFO   | jvm 1    | 2013/12/28 14:05:50 | 103230138 2013-12-28 14:05:50,290 [Thread-1] INFO  org.smslib.smsserver.interfaces.Interface  - SMSServer: interface: org.smslib.smsserver.interfaces.HttpServer stopped.
INFO   | jvm 1    | 2013/12/28 14:05:50 | 103230138 [Thread-1] INFO  smslib  - SMSServer: interface: org.smslib.smsserver.interfaces.HttpServer stopped.
INFO   | jvm 1    | 2013/12/28 14:05:52 | 103232048 2013-12-28 14:05:52,200 [QueueManager [modem1]] DEBUG org.smslib.threading.AServiceThread  - Running...
INFO   | jvm 1    | 2013/12/28 14:05:52 | 103232048 [QueueManager [modem1]] DEBUG smslib  - Running...
INFO   | jvm 1    | 2013/12/28 14:05:57 | 103237048 2013-12-28 14:05:57,200 [QueueManager [modem1]] DEBUG org.smslib.threading.AServiceThread  - Running...
INFO   | jvm 1    | 2013/12/28 14:05:57 | 103237048 [QueueManager [modem1]] DEBUG smslib  - Running...
INFO   | jvm 1    | 2013/12/28 14:06:00 | 103239797 2013-12-28 14:05:59,949 [WatchDog] DEBUG org.smslib.threading.AServiceThread  - Running...
INFO   | jvm 1    | 2013/12/28 14:06:00 | 103239797 [WatchDog] DEBUG smslib  - Running...
INFO   | jvm 1    | 2013/12/28 14:06:01 | 103241339 2013-12-28 14:06:01,491 [KeepAlive [modem1]] DEBUG org.smslib.threading.AServiceThread  - Running...
INFO   | jvm 1    | 2013/12/28 14:06:01 | 103241339 [KeepAlive [modem1]] DEBUG smslib  - Running...
INFO   | jvm 1    | 2013/12/28 14:06:02 | 103242049 2013-12-28 14:06:02,201 [QueueManager [modem1]] DEBUG org.smslib.threading.AServiceThread  - Running...
INFO   | jvm 1    | 2013/12/28 14:06:02 | 103242049 [QueueManager [modem1]] DEBUG smslib  - Running...
INFO   | jvm 1    | 2013/12/28 14:06:07 | 103247049 2013-12-28 14:06:07,201 [QueueManager [modem1]] DEBUG org.smslib.threading.AServiceThread  - Running...
INFO   | jvm 1    | 2013/12/28 14:06:07 | 103247049 [QueueManager [modem1]] DEBUG smslib  - Running...
ERROR  | wrapper  | 2013/12/28 14:06:08 | Shutdown failed: Timed out waiting for the JVM to terminate.
ERROR  | wrapper  | 2013/12/28 14:06:08 | JVM did not exit on request, termination requested.
STATUS | wrapper  | 2013/12/28 14:06:08 | <-- Wrapper Stopped
